<?xml version="1.0" encoding="utf-8"?><testsuites name="pytest tests"><testsuite name="pytest" errors="0" failures="0" skipped="0" tests="9" time="12.574" timestamp="2026-06-28T11:16:33.239462+00:00" hostname="agent-env-2919a7d3-33b3-46b8-974d-3ab3605a2284"><testcase classname="tests.test_iteration2.TestTutorStream" name="test_stream_sse_format" time="10.696" /><testcase classname="tests.test_iteration2.TestQuizSubmit" name="test_submit_perfect_quiz" time="0.298" /><testcase classname="tests.test_iteration2.TestQuizSubmit" name="test_submit_same_day_no_streak_increase" time="0.227" /><testcase classname="tests.test_iteration2.TestQuizSubmit" name="test_submit_unauthenticated" time="0.092" /><testcase classname="tests.test_iteration2.TestBadges" name="test_list_badges" time="0.101" /><testcase classname="tests.test_iteration2.TestLeaderboard" name="test_leaderboard_ordering" time="0.128" /><testcase classname="tests.test_iteration2.TestTutorStream" name="test_history_returns_messages_after_stream" time="1.120" /><testcase classname="tests.test_iteration2.TestTutorStream" name="test_history_unauthenticated" time="0.102" /><testcase classname="tests.test_iteration2.TestTutorStream" name="test_delete_history" time="0.154" /></testsuite></testsuites>