<?xml version="1.0" encoding="utf-8"?><testsuites name="pytest tests"><testsuite name="pytest" errors="0" failures="0" skipped="0" tests="16" time="56.932" timestamp="2026-06-28T11:47:14.521370+00:00" hostname="agent-env-2919a7d3-33b3-46b8-974d-3ab3605a2284"><testcase classname="tests.test_iteration3.TestTTS" name="test_tts_medical_student_returns_mp3" time="1.508" /><testcase classname="tests.test_iteration3.TestRegression" name="test_auth_me" time="1.507" /><testcase classname="tests.test_iteration3.TestTTS" name="test_tts_school_student_persona" time="2.036" /><testcase classname="tests.test_iteration3.TestRegression" name="test_auth_session_post_exists" time="2.046" /><testcase classname="tests.test_iteration3.TestTTS" name="test_tts_doctor_persona" time="1.959" /><testcase classname="tests.test_iteration3.TestRegression" name="test_persona_update" time="1.934" /><testcase classname="tests.test_iteration3.TestRegression" name="test_tutor_chat_nonstream" time="48.141" /><testcase classname="tests.test_iteration3.TestTTS" name="test_tts_empty_text_returns_400" time="0.099" /><testcase classname="tests.test_iteration3.TestTTS" name="test_tts_missing_text_returns_422" time="0.092" /><testcase classname="tests.test_iteration3.TestTTS" name="test_tts_long_text_truncated_still_200" time="47.881" /><testcase classname="tests.test_iteration3.TestTTS" name="test_tts_cache_control_header" time="1.349" /><testcase classname="tests.test_iteration3.TestRegression" name="test_tutor_history_get" time="1.297" /><testcase classname="tests.test_iteration3.TestTTS" name="test_tts_no_persona_defaults_to_sage" time="1.543" /><testcase classname="tests.test_iteration3.TestRegression" name="test_badges_list" time="0.100" /><testcase classname="tests.test_iteration3.TestRegression" name="test_leaderboard" time="1.440" /><testcase classname="tests.test_iteration3.TestRegression" name="test_quiz_submit_minimal" time="0.102" /></testsuite></testsuites>