<?xml version="1.0" encoding="utf-8"?><testsuites name="pytest tests"><testsuite name="pytest" errors="0" failures="0" skipped="0" tests="16" time="51.840" timestamp="2026-06-28T12:09:06.557358+00:00" hostname="agent-env-2919a7d3-33b3-46b8-974d-3ab3605a2284"><testcase classname="tests.test_iteration3.TestTTS" name="test_tts_medical_student_returns_mp3" time="1.928" /><testcase classname="tests.test_iteration3.TestRegression" name="test_auth_me" time="1.928" /><testcase classname="tests.test_iteration3.TestTTS" name="test_tts_school_student_persona" time="1.349" /><testcase classname="tests.test_iteration3.TestRegression" name="test_auth_session_post_exists" time="1.347" /><testcase classname="tests.test_iteration3.TestRegression" name="test_persona_update" time="2.037" /><testcase classname="tests.test_iteration3.TestTTS" name="test_tts_doctor_persona" time="2.050" /><testcase classname="tests.test_iteration3.TestRegression" name="test_tutor_chat_nonstream" time="43.704" /><testcase classname="tests.test_iteration3.TestTTS" name="test_tts_empty_text_returns_400" time="0.109" /><testcase classname="tests.test_iteration3.TestTTS" name="test_tts_missing_text_returns_422" time="0.096" /><testcase classname="tests.test_iteration3.TestTTS" name="test_tts_long_text_truncated_still_200" time="43.478" /><testcase classname="tests.test_iteration3.TestTTS" name="test_tts_cache_control_header" time="1.576" /><testcase classname="tests.test_iteration3.TestRegression" name="test_tutor_history_get" time="0.134" /><testcase classname="tests.test_iteration3.TestRegression" name="test_badges_list" time="1.430" /><testcase classname="tests.test_iteration3.TestRegression" name="test_leaderboard" time="0.094" /><testcase classname="tests.test_iteration3.TestTTS" name="test_tts_no_persona_defaults_to_sage" time="0.882" /><testcase classname="tests.test_iteration3.TestRegression" name="test_quiz_submit_minimal" time="0.796" /></testsuite></testsuites>