<?xml version="1.0" encoding="utf-8"?><testsuites name="pytest tests"><testsuite name="pytest" errors="0" failures="0" skipped="0" tests="13" time="15.624" timestamp="2026-06-28T10:47:19.817811+00:00" hostname="agent-env-2919a7d3-33b3-46b8-974d-3ab3605a2284"><testcase classname="tests.test_api.TestAuth" name="test_me_no_token" time="0.203" /><testcase classname="tests.test_api.TestPersona" name="test_set_persona_unauthenticated" time="0.204" /><testcase classname="tests.test_api.TestPersona" name="test_set_persona_invalid" time="0.120" /><testcase classname="tests.test_api.TestAuth" name="test_me_invalid_token" time="0.151" /><testcase classname="tests.test_api.TestPersona" name="test_set_persona_valid_and_persist" time="0.312" /><testcase classname="tests.test_api.TestAuth" name="test_me_valid_bearer" time="0.092" /><testcase classname="tests.test_api.TestAuth" name="test_me_valid_cookie" time="0.132" /><testcase classname="tests.test_api.TestAuth" name="test_session_invalid_id" time="0.350" /><testcase classname="tests.test_api.TestTutor" name="test_tutor_anonymous" time="5.286" /><testcase classname="tests.test_api.TestLogout" name="test_logout_no_token" time="0.145" /><testcase classname="tests.test_api.TestLogout" name="test_logout_invalidates_session" time="0.095" /><testcase classname="tests.test_api.TestTutor" name="test_tutor_authenticated_medical" time="9.043" /><testcase classname="tests.test_api.TestHealth" name="test_root" time="0.117" /></testsuite></testsuites>